<?xml version="1.0" encoding="utf-8"?><testsuite errors="1" failures="0" name="pytest" skips="0" tests="1" time="0.458"><testcase classname="" file="pytests/test_index.py" name="pytests.test_index" time="0"><error message="collection failure">ImportError while importing test module &apos;/home/puckish-callee-8366/ds-skills2-strings-and-numeric-types-lab-nyc-ds-skills-112618/pytests/test_index.py&apos;.
Hint: make sure your test modules/packages have valid Python names.
Traceback:
pytests/test_index.py:7: in &lt;module&gt;
    from ipynb.fs.full.index import ceo, art_vandelay, ends_with_com, web_address, phone_num_one, phone_num_two
E   ImportError: cannot import name &apos;art_vandelay&apos;</error></testcase></testsuite>